<?xml version="1.0" encoding="UTF-8"?>
<!-- Generated by org.testng.reporters.JUnitReportReporter -->
<testsuite hostname="VijayPatil" failures="0" tests="2" name="testCases.TC01_AccountRegisterationTest" time="7.676" errors="0" timestamp="2024-12-23T11:32:52 IST" skipped="0">
  <testcase classname="testCases.TC01_AccountRegisterationTest" name="verify_account_registration" time="3.672"/>
  <testcase classname="testCases.TC01_AccountRegisterationTest" name="verify_account_registration" time="4.004"/>
</testsuite> <!-- testCases.TC01_AccountRegisterationTest -->
