<?xml version="1.0" encoding="UTF-8"?>
<!-- Generated by org.testng.reporters.JUnitReportReporter -->
<testsuite hostname="VijayPatil" failures="0" tests="2" name="testCases.TC02_LoginPageTest" time="7.251" errors="0" timestamp="2024-12-23T11:32:52 IST" skipped="0">
  <testcase classname="testCases.TC02_LoginPageTest" name="verify_LoginPage" time="2.393"/>
  <testcase classname="testCases.TC02_LoginPageTest" name="verify_LoginPage" time="4.858"/>
</testsuite> <!-- testCases.TC02_LoginPageTest -->
