<?xml version="1.0" encoding="UTF-8"?>
<!-- Generated by org.testng.reporters.JUnitReportReporter -->
<testsuite hostname="VijayPatil" failures="0" tests="1" name="testCases.TC02_LoginPageTest" time="1.696" errors="0" timestamp="2024-12-23T18:44:49 IST" skipped="0">
  <testcase classname="testCases.TC02_LoginPageTest" name="verify_LoginPage" time="1.696"/>
</testsuite> <!-- testCases.TC02_LoginPageTest -->
