<?xml version="1.0" encoding="UTF-8"?>
<!-- Generated by org.testng.reporters.JUnitReportReporter -->
<testsuite hostname="VijayPatil" failures="0" tests="1" name="testCases.TC01_AccountRegisterationTest" time="2.535" errors="0" timestamp="2024-12-23T18:44:49 IST" skipped="0">
  <testcase classname="testCases.TC01_AccountRegisterationTest" name="verify_account_registration" time="2.535"/>
</testsuite> <!-- testCases.TC01_AccountRegisterationTest -->
